Start testing: Feb 28 21:48 „’— - «· ÊﬁÌ  «·—”„Ì
----------------------------------------------------------
12/12 Testing: Extensive.n1
12/12 Test: Extensive.n1
Command: "C:/Projects/Real-Roots-Polynomial-Engine/build/UnitTesting/ExtensiveTest.exe" "--gtest_filter=Extensive.n1" "--gtest_also_run_disabled_tests"
Directory: C:/Projects/Real-Roots-Polynomial-Engine/build/UnitTesting
"Extensive.n1" start time: Feb 28 21:48 „’— - «· ÊﬁÌ  «·—”„Ì
Output:
----------------------------------------------------------
Running main() from C:\Projects\Real-Roots-Polynomial-Engine\UnitTesting\googletest-1.14.0\googletest\src\gtest_main.cc
Note: Google Test filter = Extensive.n1
[==========] Running 1 test from 1 test suite.
[----------] Global test environment set-up.
[----------] 1 test from Extensive
[ RUN      ] Extensive.n1
[       OK ] Extensive.n1 (0 ms)
[----------] 1 test from Extensive (0 ms total)

[----------] Global test environment tear-down
[==========] 1 test from 1 test suite ran. (0 ms total)
[  PASSED  ] 1 test.
<end of output>
Test time =   0.03 sec
----------------------------------------------------------
Test Passed.
"Extensive.n1" end time: Feb 28 21:48 „’— - «· ÊﬁÌ  «·—”„Ì
"Extensive.n1" time elapsed: 00:00:00
----------------------------------------------------------

End testing: Feb 28 21:48 „’— - «· ÊﬁÌ  «·—”„Ì
