<?xml version="1.0" encoding="UTF-8"?>
<Site BuildName="Win32-mingw32-make"
	BuildStamp="20240228-1602-Experimental"
	Name="DELL_AYMAN"
	Generator="ctest-3.28.3"
	CompilerName="C:/MinGW/bin/g++.exe"
	CompilerVersion="12.2.0"
	OSName="Windows"
	Hostname="DELL_AYMAN"
	OSRelease=" Personal"
	OSVersion=" (Build 22621)"
	OSPlatform="AMD64"
	Is64Bits="1"
	VendorString="AuthenticAMD"
	VendorID="Advanced Micro Devices"
	FamilyID="15"
	ModelID="0"
	ProcessorCacheSize="64"
	NumberOfLogicalCPU="16"
	NumberOfPhysicalCPU="8"
	TotalVirtualMemory="27328"
	TotalPhysicalMemory="15720"
	LogicalProcessorsPerPhysical="2"
	ProcessorClockFrequency="3194"
	>
	<Testing>
		<StartDateTime>Feb 28 18:26 [NON-UTF-8-BYTE-0xE3][NON-UTF-8-BYTE-0xD5][NON-UTF-8-BYTE-0xD1] - [NON-UTF-8-BYTE-0xC7][NON-UTF-8-BYTE-0xE1][NON-UTF-8-BYTE-0xCA][NON-UTF-8-BYTE-0xE6][NON-UTF-8-BYTE-0xDE][NON-UTF-8-BYTE-0xED][NON-UTF-8-BYTE-0xCA] [NON-UTF-8-BYTE-0xC7][NON-UTF-8-BYTE-0xE1][NON-UTF-8-BYTE-0xD1][NON-UTF-8-BYTE-0xD3][NON-UTF-8-BYTE-0xE3][NON-UTF-8-BYTE-0xED]</StartDateTime>
		<StartTestTime>1709137587</StartTestTime>
		<TestList>
			<Test>./UnitTesting/PolynomialTest.DegreeTest</Test>
		</TestList>
		<Test Status="passed">
			<Name>PolynomialTest.DegreeTest</Name>
			<Path>./UnitTesting</Path>
			<FullName>./UnitTesting/PolynomialTest.DegreeTest</FullName>
			<FullCommandLine>C:\Projects\Real-Roots-Polynomial-Engine\build\UnitTesting\Test1.exe "--gtest_filter=PolynomialTest.DegreeTest" "--gtest_also_run_disabled_tests"</FullCommandLine>
			<Results>
				<NamedMeasurement type="numeric/double" name="Execution Time">
					<Value>0.030599</Value>
				</NamedMeasurement>
				<NamedMeasurement type="numeric/double" name="Processors">
					<Value>1</Value>
				</NamedMeasurement>
				<NamedMeasurement type="text/string" name="Completion Status">
					<Value>Completed</Value>
				</NamedMeasurement>
				<NamedMeasurement type="text/string" name="Command Line">
					<Value>C:\Projects\Real-Roots-Polynomial-Engine\build\UnitTesting\Test1.exe "--gtest_filter=PolynomialTest.DegreeTest" "--gtest_also_run_disabled_tests"</Value>
				</NamedMeasurement>
				<NamedMeasurement type="text/string" name="Environment">
					<Value>#CTEST_RESOURCE_GROUP_COUNT=</Value>
				</NamedMeasurement>
				<Measurement>
					<Value encoding="base64" compression="gzip">eJyNkMFqwzAMhu95Ch2bg00DOxV6GGvpYdCFdD3FYWSZajwcaTjKxt5+cVK6drBSnWTps/5fKnoiRxba2tEshUPgFh4WJg/8jo10psDaq4JZOpWz/yZu3VBYk3WEZk9OnrGTYYCxzNajDC+V6exOz88qpguNsTF7iTq6aZItCy5gMyIQZ8DBecEAS/jViXW9QhsQY5qUy1NUUBydZyDj9+j8mHe9E9RJqU5Rwcbza+2nPtKnC0wt0sCiqP7jD3w+89JOUkKx38IY1TWrEwJPj9cwmM2h7dJbxScchKX2aXLbfoJ1UG/8RZfX++9qEGrSlzrDKvn9brdexY0nVic/B3i5+Q==</Value>
				</Measurement>
			</Results>
		</Test>
		<EndDateTime>Feb 28 18:26 [NON-UTF-8-BYTE-0xE3][NON-UTF-8-BYTE-0xD5][NON-UTF-8-BYTE-0xD1] - [NON-UTF-8-BYTE-0xC7][NON-UTF-8-BYTE-0xE1][NON-UTF-8-BYTE-0xCA][NON-UTF-8-BYTE-0xE6][NON-UTF-8-BYTE-0xDE][NON-UTF-8-BYTE-0xED][NON-UTF-8-BYTE-0xCA] [NON-UTF-8-BYTE-0xC7][NON-UTF-8-BYTE-0xE1][NON-UTF-8-BYTE-0xD1][NON-UTF-8-BYTE-0xD3][NON-UTF-8-BYTE-0xE3][NON-UTF-8-BYTE-0xED]</EndDateTime>
		<EndTestTime>1709137587</EndTestTime>
		<ElapsedMinutes>0</ElapsedMinutes>
	</Testing>
</Site>
