<?xml version="1.0" encoding="UTF-8"?>
<Site BuildName="Win32-mingw32-make"
	BuildStamp="20240228-1602-Experimental"
	Name="DELL_AYMAN"
	Generator="ctest-3.28.3"
	CompilerName="C:/MinGW/bin/g++.exe"
	CompilerVersion="12.2.0"
	OSName="Windows"
	Hostname="DELL_AYMAN"
	OSRelease=" Personal"
	OSVersion=" (Build 22621)"
	OSPlatform="AMD64"
	Is64Bits="1"
	VendorString="AuthenticAMD"
	VendorID="Advanced Micro Devices"
	FamilyID="15"
	ModelID="0"
	ProcessorCacheSize="64"
	NumberOfLogicalCPU="16"
	NumberOfPhysicalCPU="8"
	TotalVirtualMemory="27328"
	TotalPhysicalMemory="15720"
	LogicalProcessorsPerPhysical="2"
	ProcessorClockFrequency="3194"
	>
	<Testing>
		<StartDateTime>Feb 28 21:48 [NON-UTF-8-BYTE-0xE3][NON-UTF-8-BYTE-0xD5][NON-UTF-8-BYTE-0xD1] - [NON-UTF-8-BYTE-0xC7][NON-UTF-8-BYTE-0xE1][NON-UTF-8-BYTE-0xCA][NON-UTF-8-BYTE-0xE6][NON-UTF-8-BYTE-0xDE][NON-UTF-8-BYTE-0xED][NON-UTF-8-BYTE-0xCA] [NON-UTF-8-BYTE-0xC7][NON-UTF-8-BYTE-0xE1][NON-UTF-8-BYTE-0xD1][NON-UTF-8-BYTE-0xD3][NON-UTF-8-BYTE-0xE3][NON-UTF-8-BYTE-0xED]</StartDateTime>
		<StartTestTime>1709149696</StartTestTime>
		<TestList>
			<Test>./UnitTesting/Extensive.n1</Test>
		</TestList>
		<Test Status="passed">
			<Name>Extensive.n1</Name>
			<Path>./UnitTesting</Path>
			<FullName>./UnitTesting/Extensive.n1</FullName>
			<FullCommandLine>C:\Projects\Real-Roots-Polynomial-Engine\build\UnitTesting\ExtensiveTest.exe "--gtest_filter=Extensive.n1" "--gtest_also_run_disabled_tests"</FullCommandLine>
			<Results>
				<NamedMeasurement type="numeric/double" name="Execution Time">
					<Value>0.0345089</Value>
				</NamedMeasurement>
				<NamedMeasurement type="numeric/double" name="Processors">
					<Value>1</Value>
				</NamedMeasurement>
				<NamedMeasurement type="text/string" name="Completion Status">
					<Value>Completed</Value>
				</NamedMeasurement>
				<NamedMeasurement type="text/string" name="Command Line">
					<Value>C:\Projects\Real-Roots-Polynomial-Engine\build\UnitTesting\ExtensiveTest.exe "--gtest_filter=Extensive.n1" "--gtest_also_run_disabled_tests"</Value>
				</NamedMeasurement>
				<NamedMeasurement type="text/string" name="Environment">
					<Value>#CTEST_RESOURCE_GROUP_COUNT=</Value>
				</NamedMeasurement>
				<Measurement>
					<Value encoding="base64" compression="gzip">eJyNUE1rwzAMvedX6NgcbBrYqdDD2EIPgy6k6ykuI0vV4OFIw1a67d8vHyW0gUHfSX56fnpS3hJZqqEpLS1iOHlu4GllMs+fWEkwOZZO5cwSVMbul7ixHZFSbQnNnqy8YZDOwNTMtUPpXirRyYNeXjEm+MrUffXez9FVFW1ZcAWbQQK9B5ysE/SwhvRHkII9o6YkKtYTDpBfwiYgw48+7KUOrRXUUaEmHGDj+KN0Yx/pbD1Tg9RpUVT7NRNfe04JogLy/RYGHGbBRhZeX2YdWCyhCfEd7qMShKV0cXRfdsHSqyN/0+1l/rsI+JL07ZwuePa426XP/UqjVkd/K16l5Q==</Value>
				</Measurement>
			</Results>
		</Test>
		<EndDateTime>Feb 28 21:48 [NON-UTF-8-BYTE-0xE3][NON-UTF-8-BYTE-0xD5][NON-UTF-8-BYTE-0xD1] - [NON-UTF-8-BYTE-0xC7][NON-UTF-8-BYTE-0xE1][NON-UTF-8-BYTE-0xCA][NON-UTF-8-BYTE-0xE6][NON-UTF-8-BYTE-0xDE][NON-UTF-8-BYTE-0xED][NON-UTF-8-BYTE-0xCA] [NON-UTF-8-BYTE-0xC7][NON-UTF-8-BYTE-0xE1][NON-UTF-8-BYTE-0xD1][NON-UTF-8-BYTE-0xD3][NON-UTF-8-BYTE-0xE3][NON-UTF-8-BYTE-0xED]</EndDateTime>
		<EndTestTime>1709149696</EndTestTime>
		<ElapsedMinutes>0</ElapsedMinutes>
	</Testing>
</Site>
