<?xml version="1.0" encoding="UTF-8"?>
<Site BuildName="Win32-mingw32-make"
	BuildStamp="20240227-0942-Experimental"
	Name="DELL_AYMAN"
	Generator="ctest-3.28.3"
	CompilerName="C:/MinGW/bin/g++.exe"
	CompilerVersion="12.2.0"
	OSName="Windows"
	Hostname="DELL_AYMAN"
	OSRelease=" Personal"
	OSVersion=" (Build 22621)"
	OSPlatform="AMD64"
	Is64Bits="1"
	VendorString="AuthenticAMD"
	VendorID="Advanced Micro Devices"
	FamilyID="15"
	ModelID="0"
	ProcessorCacheSize="64"
	NumberOfLogicalCPU="16"
	NumberOfPhysicalCPU="8"
	TotalVirtualMemory="32491"
	TotalPhysicalMemory="15720"
	LogicalProcessorsPerPhysical="2"
	ProcessorClockFrequency="3194"
	>
	<Testing>
		<StartDateTime>Feb 27 12:06 [NON-UTF-8-BYTE-0xE3][NON-UTF-8-BYTE-0xD5][NON-UTF-8-BYTE-0xD1] - [NON-UTF-8-BYTE-0xC7][NON-UTF-8-BYTE-0xE1][NON-UTF-8-BYTE-0xCA][NON-UTF-8-BYTE-0xE6][NON-UTF-8-BYTE-0xDE][NON-UTF-8-BYTE-0xED][NON-UTF-8-BYTE-0xCA] [NON-UTF-8-BYTE-0xC7][NON-UTF-8-BYTE-0xE1][NON-UTF-8-BYTE-0xD1][NON-UTF-8-BYTE-0xD3][NON-UTF-8-BYTE-0xE3][NON-UTF-8-BYTE-0xED]</StartDateTime>
		<StartTestTime>1709028365</StartTestTime>
		<TestList/>
		<EndDateTime>Feb 27 12:06 [NON-UTF-8-BYTE-0xE3][NON-UTF-8-BYTE-0xD5][NON-UTF-8-BYTE-0xD1] - [NON-UTF-8-BYTE-0xC7][NON-UTF-8-BYTE-0xE1][NON-UTF-8-BYTE-0xCA][NON-UTF-8-BYTE-0xE6][NON-UTF-8-BYTE-0xDE][NON-UTF-8-BYTE-0xED][NON-UTF-8-BYTE-0xCA] [NON-UTF-8-BYTE-0xC7][NON-UTF-8-BYTE-0xE1][NON-UTF-8-BYTE-0xD1][NON-UTF-8-BYTE-0xD3][NON-UTF-8-BYTE-0xE3][NON-UTF-8-BYTE-0xED]</EndDateTime>
		<EndTestTime>1709028365</EndTestTime>
		<ElapsedMinutes>0</ElapsedMinutes>
	</Testing>
</Site>
